TN:
SF:src\components\CalcFunctions\CalcularImc.jsx
FN:3,(anonymous_0)
FNF:1
FNH:1
FNDA:5,(anonymous_0)
DA:3,1
DA:4,5
DA:5,1
DA:6,1
DA:7,4
DA:8,1
DA:9,1
DA:10,3
DA:11,1
DA:12,1
DA:13,2
DA:14,1
DA:15,1
DA:17,1
LF:14
LH:14
BRDA:4,0,0,1
BRDA:4,0,1,4
BRDA:7,1,0,1
BRDA:7,1,1,3
BRDA:10,2,0,1
BRDA:10,2,1,2
BRDA:13,3,0,1
BRDA:13,3,1,1
BRF:8
BRH:8
end_of_record
TN:
SF:src\components\CalcFunctions\HandleLogin.jsx
FN:3,HandleLogin
FN:21,(anonymous_1)
FN:27,(anonymous_2)
FN:41,(anonymous_3)
FNF:4
FNH:3
FNDA:5,HandleLogin
FNDA:4,(anonymous_1)
FNDA:4,(anonymous_2)
FNDA:0,(anonymous_3)
DA:5,5
DA:6,1
DA:7,1
DA:10,4
DA:11,4
DA:22,4
DA:23,0
DA:25,4
DA:28,4
DA:29,2
DA:32,2
DA:33,1
DA:36,1
DA:37,1
DA:42,0
DA:43,0
LF:16
LH:13
BRDA:5,0,0,1
BRDA:5,0,1,4
BRDA:5,1,0,5
BRDA:5,1,1,4
BRDA:10,2,0,4
BRDA:10,2,1,0
BRDA:10,3,0,4
BRDA:10,3,1,4
BRDA:22,4,0,0
BRDA:22,4,1,4
BRDA:28,5,0,2
BRDA:28,5,1,2
BRDA:32,6,0,1
BRDA:32,6,1,1
BRDA:36,7,0,1
BRDA:36,7,1,0
BRF:16
BRH:13
end_of_record
