<?xml version="1.0" encoding="UTF-8"?>
<coverage generated="1714796592013" clover="3.2.0">
  <project timestamp="1714796592013" name="All files">
    <metrics statements="30" coveredstatements="27" conditionals="24" coveredconditionals="21" methods="5" coveredmethods="4" elements="59" coveredelements="52" complexity="0" loc="30" ncloc="30" packages="1" files="2" classes="2"/>
    <file name="CalcularImc.jsx" path="C:\Users\Marques\Documents\Projetos\A3-QualidadeDeSoftware\frontend\src\components\CalcFunctions\CalcularImc.jsx">
      <metrics statements="14" coveredstatements="14" conditionals="8" coveredconditionals="8" methods="1" coveredmethods="1"/>
      <line num="3" count="1" type="stmt"/>
      <line num="4" count="5" type="cond" truecount="2" falsecount="0"/>
      <line num="5" count="1" type="stmt"/>
      <line num="6" count="1" type="stmt"/>
      <line num="7" count="4" type="cond" truecount="2" falsecount="0"/>
      <line num="8" count="1" type="stmt"/>
      <line num="9" count="1" type="stmt"/>
      <line num="10" count="3" type="cond" truecount="2" falsecount="0"/>
      <line num="11" count="1" type="stmt"/>
      <line num="12" count="1" type="stmt"/>
      <line num="13" count="2" type="cond" truecount="2" falsecount="0"/>
      <line num="14" count="1" type="stmt"/>
      <line num="15" count="1" type="stmt"/>
      <line num="17" count="1" type="stmt"/>
    </file>
    <file name="HandleLogin.jsx" path="C:\Users\Marques\Documents\Projetos\A3-QualidadeDeSoftware\frontend\src\components\CalcFunctions\HandleLogin.jsx">
      <metrics statements="16" coveredstatements="13" conditionals="16" coveredconditionals="13" methods="4" coveredmethods="3"/>
      <line num="5" count="5" type="cond" truecount="4" falsecount="0"/>
      <line num="6" count="1" type="stmt"/>
      <line num="7" count="1" type="stmt"/>
      <line num="10" count="4" type="cond" truecount="3" falsecount="1"/>
      <line num="11" count="4" type="stmt"/>
      <line num="22" count="4" type="cond" truecount="1" falsecount="1"/>
      <line num="23" count="0" type="stmt"/>
      <line num="25" count="4" type="stmt"/>
      <line num="28" count="4" type="cond" truecount="2" falsecount="0"/>
      <line num="29" count="2" type="stmt"/>
      <line num="32" count="2" type="cond" truecount="2" falsecount="0"/>
      <line num="33" count="1" type="stmt"/>
      <line num="36" count="1" type="cond" truecount="1" falsecount="1"/>
      <line num="37" count="1" type="stmt"/>
      <line num="42" count="0" type="stmt"/>
      <line num="43" count="0" type="stmt"/>
    </file>
  </project>
</coverage>
