{"C:\\Users\\Marques\\Documents\\Projetos\\A3-QualidadeDeSoftware\\frontend\\src\\components\\CalcFunctions\\CalcularImc.jsx": {"path":"C:\\Users\\Marques\\Documents\\Projetos\\A3-QualidadeDeSoftware\\frontend\\src\\components\\CalcFunctions\\CalcularImc.jsx","statementMap":{"0":{"start":{"line":3,"column":27},"end":{"line":19,"column":1}},"1":{"start":{"line":4,"column":4},"end":{"line":18,"column":5}},"2":{"start":{"line":5,"column":8},"end":{"line":5,"column":55}},"3":{"start":{"line":6,"column":8},"end":{"line":6,"column":59}},"4":{"start":{"line":7,"column":11},"end":{"line":18,"column":5}},"5":{"start":{"line":8,"column":8},"end":{"line":8,"column":43}},"6":{"start":{"line":9,"column":8},"end":{"line":9,"column":47}},"7":{"start":{"line":10,"column":11},"end":{"line":18,"column":5}},"8":{"start":{"line":11,"column":8},"end":{"line":11,"column":53}},"9":{"start":{"line":12,"column":8},"end":{"line":12,"column":57}},"10":{"start":{"line":13,"column":11},"end":{"line":18,"column":5}},"11":{"start":{"line":14,"column":8},"end":{"line":14,"column":43}},"12":{"start":{"line":15,"column":8},"end":{"line":15,"column":47}},"13":{"start":{"line":17,"column":8},"end":{"line":17,"column":40}}},"fnMap":{"0":{"name":"(anonymous_0)","decl":{"start":{"line":3,"column":27},"end":{"line":3,"column":28}},"loc":{"start":{"line":3,"column":45},"end":{"line":19,"column":1}},"line":3}},"branchMap":{"0":{"loc":{"start":{"line":4,"column":4},"end":{"line":18,"column":5}},"type":"if","locations":[{"start":{"line":4,"column":4},"end":{"line":18,"column":5}},{"start":{"line":7,"column":11},"end":{"line":18,"column":5}}],"line":4},"1":{"loc":{"start":{"line":7,"column":11},"end":{"line":18,"column":5}},"type":"if","locations":[{"start":{"line":7,"column":11},"end":{"line":18,"column":5}},{"start":{"line":10,"column":11},"end":{"line":18,"column":5}}],"line":7},"2":{"loc":{"start":{"line":10,"column":11},"end":{"line":18,"column":5}},"type":"if","locations":[{"start":{"line":10,"column":11},"end":{"line":18,"column":5}},{"start":{"line":13,"column":11},"end":{"line":18,"column":5}}],"line":10},"3":{"loc":{"start":{"line":13,"column":11},"end":{"line":18,"column":5}},"type":"if","locations":[{"start":{"line":13,"column":11},"end":{"line":18,"column":5}},{"start":{"line":16,"column":12},"end":{"line":18,"column":5}}],"line":13}},"s":{"0":1,"1":5,"2":1,"3":1,"4":4,"5":1,"6":1,"7":3,"8":1,"9":1,"10":2,"11":1,"12":1,"13":1},"f":{"0":5},"b":{"0":[1,4],"1":[1,3],"2":[1,2],"3":[1,1]},"_coverageSchema":"1a1c01bbd47fc00a2c39e90264f33305004495a9","hash":"b5b383ff03f29bf846fb0559b898ce3356c1f773"}
,"C:\\Users\\Marques\\Documents\\Projetos\\A3-QualidadeDeSoftware\\frontend\\src\\components\\CalcFunctions\\HandleLogin.jsx": {"path":"C:\\Users\\Marques\\Documents\\Projetos\\A3-QualidadeDeSoftware\\frontend\\src\\components\\CalcFunctions\\HandleLogin.jsx","statementMap":{"0":{"start":{"line":5,"column":4},"end":{"line":8,"column":5}},"1":{"start":{"line":6,"column":8},"end":{"line":6,"column":62}},"2":{"start":{"line":7,"column":8},"end":{"line":7,"column":66}},"3":{"start":{"line":10,"column":4},"end":{"line":45,"column":5}},"4":{"start":{"line":11,"column":8},"end":{"line":44,"column":14}},"5":{"start":{"line":22,"column":16},"end":{"line":24,"column":17}},"6":{"start":{"line":23,"column":20},"end":{"line":23,"column":70}},"7":{"start":{"line":25,"column":16},"end":{"line":25,"column":35}},"8":{"start":{"line":28,"column":16},"end":{"line":39,"column":17}},"9":{"start":{"line":29,"column":20},"end":{"line":29,"column":65}},"10":{"start":{"line":32,"column":21},"end":{"line":39,"column":17}},"11":{"start":{"line":33,"column":20},"end":{"line":33,"column":57}},"12":{"start":{"line":36,"column":21},"end":{"line":39,"column":17}},"13":{"start":{"line":37,"column":20},"end":{"line":37,"column":90}},"14":{"start":{"line":42,"column":16},"end":{"line":42,"column":44}},"15":{"start":{"line":43,"column":16},"end":{"line":43,"column":60}}},"fnMap":{"0":{"name":"HandleLogin","decl":{"start":{"line":3,"column":9},"end":{"line":3,"column":20}},"loc":{"start":{"line":3,"column":43},"end":{"line":46,"column":1}},"line":3},"1":{"name":"(anonymous_1)","decl":{"start":{"line":21,"column":18},"end":{"line":21,"column":19}},"loc":{"start":{"line":21,"column":28},"end":{"line":26,"column":13}},"line":21},"2":{"name":"(anonymous_2)","decl":{"start":{"line":27,"column":18},"end":{"line":27,"column":19}},"loc":{"start":{"line":27,"column":28},"end":{"line":40,"column":13}},"line":27},"3":{"name":"(anonymous_3)","decl":{"start":{"line":41,"column":19},"end":{"line":41,"column":20}},"loc":{"start":{"line":41,"column":30},"end":{"line":44,"column":13}},"line":41}},"branchMap":{"0":{"loc":{"start":{"line":5,"column":4},"end":{"line":8,"column":5}},"type":"if","locations":[{"start":{"line":5,"column":4},"end":{"line":8,"column":5}},{"start":{},"end":{}}],"line":5},"1":{"loc":{"start":{"line":5,"column":8},"end":{"line":5,"column":42}},"type":"binary-expr","locations":[{"start":{"line":5,"column":8},"end":{"line":5,"column":23}},{"start":{"line":5,"column":27},"end":{"line":5,"column":42}}],"line":5},"2":{"loc":{"start":{"line":10,"column":4},"end":{"line":45,"column":5}},"type":"if","locations":[{"start":{"line":10,"column":4},"end":{"line":45,"column":5}},{"start":{},"end":{}}],"line":10},"3":{"loc":{"start":{"line":10,"column":7},"end":{"line":10,"column":27}},"type":"binary-expr","locations":[{"start":{"line":10,"column":7},"end":{"line":10,"column":15}},{"start":{"line":10,"column":19},"end":{"line":10,"column":27}}],"line":10},"4":{"loc":{"start":{"line":22,"column":16},"end":{"line":24,"column":17}},"type":"if","locations":[{"start":{"line":22,"column":16},"end":{"line":24,"column":17}},{"start":{},"end":{}}],"line":22},"5":{"loc":{"start":{"line":28,"column":16},"end":{"line":39,"column":17}},"type":"if","locations":[{"start":{"line":28,"column":16},"end":{"line":39,"column":17}},{"start":{"line":32,"column":21},"end":{"line":39,"column":17}}],"line":28},"6":{"loc":{"start":{"line":32,"column":21},"end":{"line":39,"column":17}},"type":"if","locations":[{"start":{"line":32,"column":21},"end":{"line":39,"column":17}},{"start":{"line":36,"column":21},"end":{"line":39,"column":17}}],"line":32},"7":{"loc":{"start":{"line":36,"column":21},"end":{"line":39,"column":17}},"type":"if","locations":[{"start":{"line":36,"column":21},"end":{"line":39,"column":17}},{"start":{},"end":{}}],"line":36}},"s":{"0":5,"1":1,"2":1,"3":4,"4":4,"5":4,"6":0,"7":4,"8":4,"9":2,"10":2,"11":1,"12":1,"13":1,"14":0,"15":0},"f":{"0":5,"1":4,"2":4,"3":0},"b":{"0":[1,4],"1":[5,4],"2":[4,0],"3":[4,4],"4":[0,4],"5":[2,2],"6":[1,1],"7":[1,0]},"_coverageSchema":"1a1c01bbd47fc00a2c39e90264f33305004495a9","hash":"50ac74f1a41b0a813c9839d91f0fd430c8256b9f"}
}
