{"C:\\Users\\Marques\\Documents\\Projetos\\A3-QualidadeDeSoftware\\backend\\src\\configDb.js": {"path":"C:\\Users\\Marques\\Documents\\Projetos\\A3-QualidadeDeSoftware\\backend\\src\\configDb.js","statementMap":{"0":{"start":{"line":6,"column":4},"end":{"line":9,"column":6}}},"fnMap":{"0":{"name":"openDb","decl":{"start":{"line":5,"column":22},"end":{"line":5,"column":28}},"loc":{"start":{"line":5,"column":31},"end":{"line":10,"column":1}},"line":5}},"branchMap":{},"s":{"0":16},"f":{"0":16},"b":{},"_coverageSchema":"1a1c01bbd47fc00a2c39e90264f33305004495a9","hash":"11c0e283fe2d2694f1c29674e4984acf9c47a33b"}
,"C:\\Users\\Marques\\Documents\\Projetos\\A3-QualidadeDeSoftware\\backend\\src\\controller\\medidasController.js": {"path":"C:\\Users\\Marques\\Documents\\Projetos\\A3-QualidadeDeSoftware\\backend\\src\\controller\\medidasController.js","statementMap":{"0":{"start":{"line":6,"column":15},"end":{"line":6,"column":29}},"1":{"start":{"line":8,"column":27},"end":{"line":14,"column":5}},"2":{"start":{"line":17,"column":4},"end":{"line":21,"column":5}},"3":{"start":{"line":18,"column":8},"end":{"line":18,"column":20}},"4":{"start":{"line":20,"column":8},"end":{"line":20,"column":19}},"5":{"start":{"line":27,"column":15},"end":{"line":27,"column":29}},"6":{"start":{"line":29,"column":24},"end":{"line":29,"column":45}},"7":{"start":{"line":31,"column":4},"end":{"line":44,"column":5}},"8":{"start":{"line":32,"column":8},"end":{"line":32,"column":21}},"9":{"start":{"line":34,"column":12},"end":{"line":41,"column":13}},"10":{"start":{"line":43,"column":8},"end":{"line":43,"column":20}}},"fnMap":{"0":{"name":"getMedida","decl":{"start":{"line":4,"column":22},"end":{"line":4,"column":31}},"loc":{"start":{"line":4,"column":40},"end":{"line":23,"column":1}},"line":4},"1":{"name":"adicionaMedida","decl":{"start":{"line":25,"column":22},"end":{"line":25,"column":36}},"loc":{"start":{"line":25,"column":75},"end":{"line":46,"column":1}},"line":25}},"branchMap":{"0":{"loc":{"start":{"line":17,"column":4},"end":{"line":21,"column":5}},"type":"if","locations":[{"start":{"line":17,"column":4},"end":{"line":21,"column":5}},{"start":{"line":19,"column":11},"end":{"line":21,"column":5}}],"line":17},"1":{"loc":{"start":{"line":31,"column":4},"end":{"line":44,"column":5}},"type":"if","locations":[{"start":{"line":31,"column":4},"end":{"line":44,"column":5}},{"start":{"line":33,"column":11},"end":{"line":44,"column":5}}],"line":31}},"s":{"0":2,"1":2,"2":2,"3":0,"4":2,"5":2,"6":2,"7":2,"8":1,"9":1,"10":1},"f":{"0":2,"1":2},"b":{"0":[0,2],"1":[1,1]},"_coverageSchema":"1a1c01bbd47fc00a2c39e90264f33305004495a9","hash":"c03de7bfe37080cf4412b6a40bcc1d2390e340b2"}
,"C:\\Users\\Marques\\Documents\\Projetos\\A3-QualidadeDeSoftware\\backend\\src\\controller\\userController.js": {"path":"C:\\Users\\Marques\\Documents\\Projetos\\A3-QualidadeDeSoftware\\backend\\src\\controller\\userController.js","statementMap":{"0":{"start":{"line":5,"column":15},"end":{"line":5,"column":29}},"1":{"start":{"line":8,"column":19},"end":{"line":14,"column":15}},"2":{"start":{"line":17,"column":4},"end":{"line":21,"column":5}},"3":{"start":{"line":18,"column":8},"end":{"line":18,"column":20}},"4":{"start":{"line":20,"column":8},"end":{"line":20,"column":19}},"5":{"start":{"line":27,"column":15},"end":{"line":27,"column":29}},"6":{"start":{"line":29,"column":23},"end":{"line":36,"column":5}},"7":{"start":{"line":39,"column":4},"end":{"line":43,"column":5}},"8":{"start":{"line":40,"column":8},"end":{"line":40,"column":20}},"9":{"start":{"line":42,"column":8},"end":{"line":42,"column":19}},"10":{"start":{"line":49,"column":15},"end":{"line":49,"column":29}},"11":{"start":{"line":51,"column":27},"end":{"line":57,"column":14}},"12":{"start":{"line":59,"column":4},"end":{"line":63,"column":5}},"13":{"start":{"line":60,"column":8},"end":{"line":60,"column":21}},"14":{"start":{"line":62,"column":8},"end":{"line":62,"column":20}},"15":{"start":{"line":68,"column":15},"end":{"line":68,"column":29}},"16":{"start":{"line":70,"column":29},"end":{"line":76,"column":16}},"17":{"start":{"line":78,"column":4},"end":{"line":82,"column":5}},"18":{"start":{"line":79,"column":8},"end":{"line":79,"column":21}},"19":{"start":{"line":81,"column":8},"end":{"line":81,"column":20}},"20":{"start":{"line":88,"column":15},"end":{"line":88,"column":29}},"21":{"start":{"line":90,"column":4},"end":{"line":97,"column":50}}},"fnMap":{"0":{"name":"getUser","decl":{"start":{"line":3,"column":22},"end":{"line":3,"column":29}},"loc":{"start":{"line":3,"column":34},"end":{"line":23,"column":1}},"line":3},"1":{"name":"getId","decl":{"start":{"line":25,"column":22},"end":{"line":25,"column":27}},"loc":{"start":{"line":25,"column":46},"end":{"line":45,"column":1}},"line":25},"2":{"name":"verificacaoEmail","decl":{"start":{"line":47,"column":22},"end":{"line":47,"column":38}},"loc":{"start":{"line":47,"column":46},"end":{"line":64,"column":1}},"line":47},"3":{"name":"verificacaoUsuario","decl":{"start":{"line":66,"column":22},"end":{"line":66,"column":40}},"loc":{"start":{"line":66,"column":50},"end":{"line":84,"column":1}},"line":66},"4":{"name":"inserirUsuario","decl":{"start":{"line":86,"column":22},"end":{"line":86,"column":36}},"loc":{"start":{"line":86,"column":81},"end":{"line":100,"column":1}},"line":86}},"branchMap":{"0":{"loc":{"start":{"line":17,"column":4},"end":{"line":21,"column":5}},"type":"if","locations":[{"start":{"line":17,"column":4},"end":{"line":21,"column":5}},{"start":{"line":19,"column":11},"end":{"line":21,"column":5}}],"line":17},"1":{"loc":{"start":{"line":39,"column":4},"end":{"line":43,"column":5}},"type":"if","locations":[{"start":{"line":39,"column":4},"end":{"line":43,"column":5}},{"start":{"line":41,"column":11},"end":{"line":43,"column":5}}],"line":39},"2":{"loc":{"start":{"line":59,"column":4},"end":{"line":63,"column":5}},"type":"if","locations":[{"start":{"line":59,"column":4},"end":{"line":63,"column":5}},{"start":{"line":61,"column":11},"end":{"line":63,"column":5}}],"line":59},"3":{"loc":{"start":{"line":78,"column":4},"end":{"line":82,"column":5}},"type":"if","locations":[{"start":{"line":78,"column":4},"end":{"line":82,"column":5}},{"start":{"line":80,"column":11},"end":{"line":82,"column":5}}],"line":78}},"s":{"0":4,"1":4,"2":4,"3":2,"4":2,"5":2,"6":2,"7":2,"8":1,"9":1,"10":3,"11":3,"12":3,"13":1,"14":2,"15":3,"16":3,"17":3,"18":0,"19":3,"20":0,"21":0},"f":{"0":4,"1":2,"2":3,"3":3,"4":0},"b":{"0":[2,2],"1":[1,1],"2":[1,2],"3":[0,3]},"_coverageSchema":"1a1c01bbd47fc00a2c39e90264f33305004495a9","hash":"e364094e2aadbc79805cc4ae6ec569c2faceadb1"}
,"C:\\Users\\Marques\\Documents\\Projetos\\A3-QualidadeDeSoftware\\backend\\src\\model\\medidas\\medidas.js": {"path":"C:\\Users\\Marques\\Documents\\Projetos\\A3-QualidadeDeSoftware\\backend\\src\\model\\medidas\\medidas.js","statementMap":{"0":{"start":{"line":4,"column":11},"end":{"line":6,"column":1}},"1":{"start":{"line":5,"column":4},"end":{"line":5,"column":25}},"2":{"start":{"line":10,"column":4},"end":{"line":21,"column":6}},"3":{"start":{"line":27,"column":4},"end":{"line":45,"column":5}},"4":{"start":{"line":28,"column":8},"end":{"line":42,"column":10}},"5":{"start":{"line":44,"column":8},"end":{"line":44,"column":73}},"6":{"start":{"line":52,"column":15},"end":{"line":52,"column":32}},"7":{"start":{"line":54,"column":4},"end":{"line":69,"column":5}},"8":{"start":{"line":55,"column":31},"end":{"line":55,"column":50}},"9":{"start":{"line":57,"column":4},"end":{"line":66,"column":5}},"10":{"start":{"line":58,"column":8},"end":{"line":60,"column":10}},"11":{"start":{"line":63,"column":8},"end":{"line":65,"column":10}},"12":{"start":{"line":68,"column":8},"end":{"line":68,"column":27}},"13":{"start":{"line":75,"column":19},"end":{"line":75,"column":27}},"14":{"start":{"line":77,"column":4},"end":{"line":95,"column":5}},"15":{"start":{"line":78,"column":32},"end":{"line":78,"column":125}},"16":{"start":{"line":80,"column":9},"end":{"line":90,"column":10}},"17":{"start":{"line":82,"column":12},"end":{"line":84,"column":15}},"18":{"start":{"line":87,"column":12},"end":{"line":89,"column":14}},"19":{"start":{"line":94,"column":8},"end":{"line":94,"column":27}}},"fnMap":{"0":{"name":"(anonymous_0)","decl":{"start":{"line":4,"column":11},"end":{"line":4,"column":12}},"loc":{"start":{"line":4,"column":23},"end":{"line":6,"column":1}},"line":4},"1":{"name":"createTableMedidas","decl":{"start":{"line":8,"column":22},"end":{"line":8,"column":40}},"loc":{"start":{"line":8,"column":43},"end":{"line":23,"column":1}},"line":8},"2":{"name":"initInserirMedidas","decl":{"start":{"line":25,"column":22},"end":{"line":25,"column":40}},"loc":{"start":{"line":25,"column":43},"end":{"line":47,"column":1}},"line":25},"3":{"name":"selectMedidas","decl":{"start":{"line":50,"column":22},"end":{"line":50,"column":35}},"loc":{"start":{"line":50,"column":46},"end":{"line":71,"column":1}},"line":50},"4":{"name":"adicionarMedidas","decl":{"start":{"line":73,"column":22},"end":{"line":73,"column":38}},"loc":{"start":{"line":73,"column":49},"end":{"line":97,"column":1}},"line":73}},"branchMap":{"0":{"loc":{"start":{"line":57,"column":4},"end":{"line":66,"column":5}},"type":"if","locations":[{"start":{"line":57,"column":4},"end":{"line":66,"column":5}},{"start":{"line":61,"column":11},"end":{"line":66,"column":5}}],"line":57},"1":{"loc":{"start":{"line":80,"column":9},"end":{"line":90,"column":10}},"type":"if","locations":[{"start":{"line":80,"column":9},"end":{"line":90,"column":10}},{"start":{"line":85,"column":16},"end":{"line":90,"column":10}}],"line":80}},"s":{"0":1,"1":0,"2":0,"3":0,"4":0,"5":0,"6":2,"7":2,"8":2,"9":2,"10":0,"11":2,"12":0,"13":2,"14":2,"15":2,"16":2,"17":1,"18":1,"19":0},"f":{"0":0,"1":0,"2":0,"3":2,"4":2},"b":{"0":[0,2],"1":[1,1]},"_coverageSchema":"1a1c01bbd47fc00a2c39e90264f33305004495a9","hash":"1b0bd468af7b6f5bf59e71255927079efee7b246"}
,"C:\\Users\\Marques\\Documents\\Projetos\\A3-QualidadeDeSoftware\\backend\\src\\model\\users\\usuario.js": {"path":"C:\\Users\\Marques\\Documents\\Projetos\\A3-QualidadeDeSoftware\\backend\\src\\model\\users\\usuario.js","statementMap":{"0":{"start":{"line":7,"column":4},"end":{"line":16,"column":6}},"1":{"start":{"line":22,"column":4},"end":{"line":37,"column":5}},"2":{"start":{"line":23,"column":8},"end":{"line":34,"column":9}},"3":{"start":{"line":36,"column":8},"end":{"line":36,"column":69}},"4":{"start":{"line":43,"column":15},"end":{"line":43,"column":32}},"5":{"start":{"line":45,"column":4},"end":{"line":64,"column":5}},"6":{"start":{"line":46,"column":24},"end":{"line":46,"column":41}},"7":{"start":{"line":48,"column":8},"end":{"line":60,"column":9}},"8":{"start":{"line":49,"column":12},"end":{"line":49,"column":56}},"9":{"start":{"line":51,"column":12},"end":{"line":53,"column":14}},"10":{"start":{"line":56,"column":12},"end":{"line":56,"column":63}},"11":{"start":{"line":57,"column":16},"end":{"line":59,"column":18}},"12":{"start":{"line":62,"column":8},"end":{"line":62,"column":67}},"13":{"start":{"line":63,"column":8},"end":{"line":63,"column":31}},"14":{"start":{"line":69,"column":20},"end":{"line":69,"column":28}},"15":{"start":{"line":71,"column":4},"end":{"line":107,"column":5}},"16":{"start":{"line":72,"column":28},"end":{"line":72,"column":65}},"17":{"start":{"line":74,"column":30},"end":{"line":74,"column":72}},"18":{"start":{"line":76,"column":8},"end":{"line":97,"column":9}},"19":{"start":{"line":77,"column":16},"end":{"line":77,"column":104}},"20":{"start":{"line":78,"column":16},"end":{"line":80,"column":18}},"21":{"start":{"line":81,"column":16},"end":{"line":81,"column":22}},"22":{"start":{"line":82,"column":15},"end":{"line":97,"column":9}},"23":{"start":{"line":83,"column":16},"end":{"line":83,"column":99}},"24":{"start":{"line":84,"column":16},"end":{"line":86,"column":18}},"25":{"start":{"line":87,"column":16},"end":{"line":87,"column":22}},"26":{"start":{"line":88,"column":15},"end":{"line":97,"column":9}},"27":{"start":{"line":89,"column":16},"end":{"line":89,"column":113}},"28":{"start":{"line":91,"column":16},"end":{"line":94,"column":19}},"29":{"start":{"line":96,"column":16},"end":{"line":96,"column":22}},"30":{"start":{"line":100,"column":8},"end":{"line":100,"column":67}},"31":{"start":{"line":102,"column":8},"end":{"line":104,"column":11}},"32":{"start":{"line":106,"column":8},"end":{"line":106,"column":26}},"33":{"start":{"line":112,"column":20},"end":{"line":112,"column":28}},"34":{"start":{"line":114,"column":4},"end":{"line":137,"column":5}},"35":{"start":{"line":115,"column":19},"end":{"line":115,"column":63}},"36":{"start":{"line":117,"column":8},"end":{"line":128,"column":9}},"37":{"start":{"line":118,"column":12},"end":{"line":118,"column":84}},"38":{"start":{"line":119,"column":12},"end":{"line":121,"column":14}},"39":{"start":{"line":123,"column":12},"end":{"line":123,"column":90}},"40":{"start":{"line":124,"column":12},"end":{"line":126,"column":14}},"41":{"start":{"line":131,"column":8},"end":{"line":131,"column":37}},"42":{"start":{"line":133,"column":8},"end":{"line":136,"column":11}}},"fnMap":{"0":{"name":"createTableUsers","decl":{"start":{"line":5,"column":22},"end":{"line":5,"column":38}},"loc":{"start":{"line":5,"column":41},"end":{"line":18,"column":1}},"line":5},"1":{"name":"initInserirUsuario","decl":{"start":{"line":20,"column":22},"end":{"line":20,"column":40}},"loc":{"start":{"line":20,"column":43},"end":{"line":39,"column":1}},"line":20},"2":{"name":"selectUser","decl":{"start":{"line":41,"column":22},"end":{"line":41,"column":32}},"loc":{"start":{"line":41,"column":44},"end":{"line":66,"column":1}},"line":41},"3":{"name":"adicionarUser","decl":{"start":{"line":68,"column":22},"end":{"line":68,"column":35}},"loc":{"start":{"line":68,"column":47},"end":{"line":109,"column":1}},"line":68},"4":{"name":"login","decl":{"start":{"line":111,"column":22},"end":{"line":111,"column":27}},"loc":{"start":{"line":111,"column":39},"end":{"line":139,"column":1}},"line":111}},"branchMap":{"0":{"loc":{"start":{"line":48,"column":8},"end":{"line":60,"column":9}},"type":"if","locations":[{"start":{"line":48,"column":8},"end":{"line":60,"column":9}},{"start":{"line":55,"column":15},"end":{"line":60,"column":9}}],"line":48},"1":{"loc":{"start":{"line":76,"column":8},"end":{"line":97,"column":9}},"type":"if","locations":[{"start":{"line":76,"column":8},"end":{"line":97,"column":9}},{"start":{"line":82,"column":15},"end":{"line":97,"column":9}}],"line":76},"2":{"loc":{"start":{"line":82,"column":15},"end":{"line":97,"column":9}},"type":"if","locations":[{"start":{"line":82,"column":15},"end":{"line":97,"column":9}},{"start":{"line":88,"column":15},"end":{"line":97,"column":9}}],"line":82},"3":{"loc":{"start":{"line":88,"column":15},"end":{"line":97,"column":9}},"type":"if","locations":[{"start":{"line":88,"column":15},"end":{"line":97,"column":9}},{"start":{},"end":{}}],"line":88},"4":{"loc":{"start":{"line":88,"column":19},"end":{"line":88,"column":49}},"type":"binary-expr","locations":[{"start":{"line":88,"column":19},"end":{"line":88,"column":31}},{"start":{"line":88,"column":35},"end":{"line":88,"column":49}}],"line":88},"5":{"loc":{"start":{"line":117,"column":8},"end":{"line":128,"column":9}},"type":"if","locations":[{"start":{"line":117,"column":8},"end":{"line":128,"column":9}},{"start":{"line":122,"column":15},"end":{"line":128,"column":9}}],"line":117}},"s":{"0":0,"1":0,"2":0,"3":0,"4":2,"5":2,"6":2,"7":2,"8":1,"9":1,"10":1,"11":1,"12":0,"13":0,"14":3,"15":3,"16":3,"17":3,"18":3,"19":2,"20":2,"21":2,"22":1,"23":1,"24":1,"25":1,"26":0,"27":0,"28":0,"29":0,"30":0,"31":0,"32":0,"33":2,"34":2,"35":2,"36":2,"37":1,"38":1,"39":1,"40":1,"41":0,"42":0},"f":{"0":0,"1":0,"2":2,"3":3,"4":2},"b":{"0":[1,1],"1":[2,1],"2":[1,0],"3":[0,0],"4":[0,0],"5":[1,1]},"_coverageSchema":"1a1c01bbd47fc00a2c39e90264f33305004495a9","hash":"b25436cd2deca0559889ca512df39b69e28c9331"}
,"C:\\Users\\Marques\\Documents\\Projetos\\A3-QualidadeDeSoftware\\backend\\src\\routes\\router.js": {"path":"C:\\Users\\Marques\\Documents\\Projetos\\A3-QualidadeDeSoftware\\backend\\src\\routes\\router.js","statementMap":{"0":{"start":{"line":7,"column":15},"end":{"line":7,"column":23}},"1":{"start":{"line":9,"column":0},"end":{"line":9,"column":39}},"2":{"start":{"line":10,"column":0},"end":{"line":10,"column":46}},"3":{"start":{"line":12,"column":0},"end":{"line":12,"column":48}},"4":{"start":{"line":13,"column":0},"end":{"line":13,"column":51}},"5":{"start":{"line":15,"column":0},"end":{"line":15,"column":29}}},"fnMap":{},"branchMap":{},"s":{"0":1,"1":1,"2":1,"3":1,"4":1,"5":1},"f":{},"b":{},"_coverageSchema":"1a1c01bbd47fc00a2c39e90264f33305004495a9","hash":"4dd3b448ad3dab30201d51c0e2a1851548d09b96"}
,"C:\\Users\\Marques\\Documents\\Projetos\\A3-QualidadeDeSoftware\\backend\\src\\test\\serverTest.js": {"path":"C:\\Users\\Marques\\Documents\\Projetos\\A3-QualidadeDeSoftware\\backend\\src\\test\\serverTest.js","statementMap":{"0":{"start":{"line":4,"column":12},"end":{"line":4,"column":21}},"1":{"start":{"line":5,"column":0},"end":{"line":5,"column":24}},"2":{"start":{"line":6,"column":0},"end":{"line":6,"column":16}}},"fnMap":{},"branchMap":{},"s":{"0":1,"1":1,"2":1},"f":{},"b":{},"_coverageSchema":"1a1c01bbd47fc00a2c39e90264f33305004495a9","hash":"c21f6437ed9b99f04144e5cc1182098589180423"}
}
