TN:
SF:configDb.js
FN:5,openDb
FNF:1
FNH:1
FNDA:16,openDb
DA:6,16
LF:1
LH:1
BRF:0
BRH:0
end_of_record
TN:
SF:controller\medidasController.js
FN:4,getMedida
FN:25,adicionaMedida
FNF:2
FNH:2
FNDA:2,getMedida
FNDA:2,adicionaMedida
DA:6,2
DA:8,2
DA:17,2
DA:18,0
DA:20,2
DA:27,2
DA:29,2
DA:31,2
DA:32,1
DA:34,1
DA:43,1
LF:11
LH:10
BRDA:17,0,0,0
BRDA:17,0,1,2
BRDA:31,1,0,1
BRDA:31,1,1,1
BRF:4
BRH:3
end_of_record
TN:
SF:controller\userController.js
FN:3,getUser
FN:25,getId
FN:47,verificacaoEmail
FN:66,verificacaoUsuario
FN:86,inserirUsuario
FNF:5
FNH:4
FNDA:4,getUser
FNDA:2,getId
FNDA:3,verificacaoEmail
FNDA:3,verificacaoUsuario
FNDA:0,inserirUsuario
DA:5,4
DA:8,4
DA:17,4
DA:18,2
DA:20,2
DA:27,2
DA:29,2
DA:39,2
DA:40,1
DA:42,1
DA:49,3
DA:51,3
DA:59,3
DA:60,1
DA:62,2
DA:68,3
DA:70,3
DA:78,3
DA:79,0
DA:81,3
DA:88,0
DA:90,0
LF:22
LH:19
BRDA:17,0,0,2
BRDA:17,0,1,2
BRDA:39,1,0,1
BRDA:39,1,1,1
BRDA:59,2,0,1
BRDA:59,2,1,2
BRDA:78,3,0,0
BRDA:78,3,1,3
BRF:8
BRH:7
end_of_record
TN:
SF:model\medidas\medidas.js
FN:4,(anonymous_0)
FN:8,createTableMedidas
FN:25,initInserirMedidas
FN:50,selectMedidas
FN:73,adicionarMedidas
FNF:5
FNH:2
FNDA:0,(anonymous_0)
FNDA:0,createTableMedidas
FNDA:0,initInserirMedidas
FNDA:2,selectMedidas
FNDA:2,adicionarMedidas
DA:4,1
DA:5,0
DA:10,0
DA:27,0
DA:28,0
DA:44,0
DA:52,2
DA:54,2
DA:55,2
DA:57,2
DA:58,0
DA:63,2
DA:68,0
DA:75,2
DA:77,2
DA:78,2
DA:80,2
DA:82,1
DA:87,1
DA:94,0
LF:20
LH:12
BRDA:57,0,0,0
BRDA:57,0,1,2
BRDA:80,1,0,1
BRDA:80,1,1,1
BRF:4
BRH:3
end_of_record
TN:
SF:model\users\usuario.js
FN:5,createTableUsers
FN:20,initInserirUsuario
FN:41,selectUser
FN:68,adicionarUser
FN:111,login
FNF:5
FNH:3
FNDA:0,createTableUsers
FNDA:0,initInserirUsuario
FNDA:2,selectUser
FNDA:3,adicionarUser
FNDA:2,login
DA:7,0
DA:22,0
DA:23,0
DA:36,0
DA:43,2
DA:45,2
DA:46,2
DA:48,2
DA:49,1
DA:51,1
DA:56,1
DA:57,1
DA:62,0
DA:63,0
DA:69,3
DA:71,3
DA:72,3
DA:74,3
DA:76,3
DA:77,2
DA:78,2
DA:81,2
DA:82,1
DA:83,1
DA:84,1
DA:87,1
DA:88,0
DA:89,0
DA:91,0
DA:96,0
DA:100,0
DA:102,0
DA:106,0
DA:112,2
DA:114,2
DA:115,2
DA:117,2
DA:118,1
DA:119,1
DA:123,1
DA:124,1
DA:131,0
DA:133,0
LF:43
LH:28
BRDA:48,0,0,1
BRDA:48,0,1,1
BRDA:76,1,0,2
BRDA:76,1,1,1
BRDA:82,2,0,1
BRDA:82,2,1,0
BRDA:88,3,0,0
BRDA:88,3,1,0
BRDA:88,4,0,0
BRDA:88,4,1,0
BRDA:117,5,0,1
BRDA:117,5,1,1
BRF:12
BRH:7
end_of_record
TN:
SF:routes\router.js
FNF:0
FNH:0
DA:7,1
DA:9,1
DA:10,1
DA:12,1
DA:13,1
DA:15,1
LF:6
LH:6
BRF:0
BRH:0
end_of_record
TN:
SF:test\serverTest.js
FNF:0
FNH:0
DA:4,1
DA:5,1
DA:6,1
LF:3
LH:3
BRF:0
BRH:0
end_of_record
